<?xml version="1.0" encoding="UTF-8" ?>
<testsuite errors="0" failures="0" hostname="Pjs-MacBook-Pro.fios-router.home" name="com.flatironschool.javacs.HelloWorldTest" skipped="0" tests="1" time="0.465" timestamp="2016-08-04T20:01:05">
  <properties>
    <property name="java.vendor" value="Oracle Corporation" />
    <property name="env.VISUAL" value="atom -w" />
    <property name="sun.java.launcher" value="SUN_STANDARD" />
    <property name="env.XPC_SERVICE_NAME" value="0" />
    <property name="sun.management.compiler" value="HotSpot 64-Bit Tiered Compilers" />
    <property name="env._system_arch" value="x86_64" />
    <property name="env.GEM_HOME" value="/Users/pjwickwire/.rvm/gems/ruby-2.2.3" />
    <property name="os.name" value="Mac OS X" />
    <property name="sun.boot.class.path" value="/Library/Java/JavaVirtualMachines/jdk1.8.0_77.jdk/Contents/Home/jre/lib/resources.jar:/Library/Java/JavaVirtualMachines/jdk1.8.0_77.jdk/Contents/Home/jre/lib/rt.jar:/Library/Java/JavaVirtualMachines/jdk1.8.0_77.jdk/Contents/Home/jre/lib/sunrsasign.jar:/Library/Java/JavaVirtualMachines/jdk1.8.0_77.jdk/Contents/Home/jre/lib/jsse.jar:/Library/Java/JavaVirtualMachines/jdk1.8.0_77.jdk/Contents/Home/jre/lib/jce.jar:/Library/Java/JavaVirtualMachines/jdk1.8.0_77.jdk/Contents/Home/jre/lib/charsets.jar:/Library/Java/JavaVirtualMachines/jdk1.8.0_77.jdk/Contents/Home/jre/lib/jfr.jar:/Library/Java/JavaVirtualMachines/jdk1.8.0_77.jdk/Contents/Home/jre/classes" />
    <property name="env.TMPDIR" value="/var/folders/06/tvbl4kbx2yq29_qwzt187pt80000gn/T/" />
    <property name="env.PWD" value="/Users/pjwickwire/Development/code/cs-java-hello-world-lab-g-416" />
    <property name="env.LANG" value="en_US.UTF-8" />
    <property name="java.vm.specification.vendor" value="Oracle Corporation" />
    <property name="ant.home" value="/usr/local/Cellar/ant/1.9.7/libexec" />
    <property name="java.runtime.version" value="1.8.0_77-b03" />
    <property name="env.MY_RUBY_HOME" value="/Users/pjwickwire/.rvm/rubies/ruby-2.2.3" />
    <property name="env.Apple_PubSub_Socket_Render" value="/private/tmp/com.apple.launchd.4PwliQErD7/Render" />
    <property name="env.rvm_version" value="1.26.11 (master)" />
    <property name="user.name" value="pjwickwire" />
    <property name="env.USER" value="pjwickwire" />
    <property name="env.SHELL" value="/bin/bash" />
    <property name="env.__CF_USER_TEXT_ENCODING" value="0x1F5:0x0:0x0" />
    <property name="env.NODE_PATH" value="/usr/local/lib/node_modules:" />
    <property name="env._system_type" value="Darwin" />
    <property name="env.PATH" value="/opt/local/bin:/opt/local/sbin:/Users/pjwickwire/.rvm/gems/ruby-2.2.3/bin:/Users/pjwickwire/.rvm/gems/ruby-2.2.3@global/bin:/Users/pjwickwire/.rvm/rubies/ruby-2.2.3/bin:/usr/local:/usr/local/bin:/usr/local/sbin:/usr/bin:/usr/local/bin:/usr/bin:/bin:/usr/sbin:/sbin:Applications/Postgres.app/Contents/Versions/latest/bin:/Users/pjwickwire/.rvm/bin" />
    <property name="user.language" value="en" />
    <property name="env.rvm_prefix" value="/Users/pjwickwire" />
    <property name="sun.boot.library.path" value="/Library/Java/JavaVirtualMachines/jdk1.8.0_77.jdk/Contents/Home/jre/lib" />
    <property name="ant.project.default-target" value="build" />
    <property name="env.XPC_FLAGS" value="0x0" />
    <property name="env.JAVA_MAIN_CLASS_39615" value="org.apache.tools.ant.launch.Launcher" />
    <property name="ant.project.name" value="JavaCS" />
    <property name="env.rvm_path" value="/Users/pjwickwire/.rvm" />
    <property name="env.RUBY_VERSION" value="ruby-2.2.3" />
    <property name="java.version" value="1.8.0_77" />
    <property name="user.timezone" value="" />
    <property name="sun.arch.data.model" value="64" />
    <property name="env._system_name" value="OSX" />
    <property name="http.nonProxyHosts" value="local|*.local|169.254/16|*.169.254/16" />
    <property name="java.endorsed.dirs" value="/Library/Java/JavaVirtualMachines/jdk1.8.0_77.jdk/Contents/Home/jre/lib/endorsed" />
    <property name="sun.cpu.isalist" value="" />
    <property name="sun.jnu.encoding" value="UTF-8" />
    <property name="env.GIT_MERGE_AUTOEDIT" value="no" />
    <property name="env.rvm_bin_path" value="/Users/pjwickwire/.rvm/bin" />
    <property name="file.encoding.pkg" value="sun.io" />
    <property name="env.SHLVL" value="3" />
    <property name="file.separator" value="/" />
    <property name="env._system_version" value="10.10" />
    <property name="java.specification.name" value="Java Platform API Specification" />
    <property name="java.class.version" value="52.0" />
    <property name="user.country" value="US" />
    <property name="ant.file.JavaCS" value="/Users/pjwickwire/Development/code/cs-java-hello-world-lab-g-416/javacs-lab00/build.xml" />
    <property name="java.home" value="/Library/Java/JavaVirtualMachines/jdk1.8.0_77.jdk/Contents/Home/jre" />
    <property name="java.vm.info" value="mixed mode" />
    <property name="env.LOGNAME" value="pjwickwire" />
    <property name="ant.file" value="/Users/pjwickwire/Development/code/cs-java-hello-world-lab-g-416/javacs-lab00/build.xml" />
    <property name="os.version" value="10.10.5" />
    <property name="env.TERM_PROGRAM_VERSION" value="343.7" />
    <property name="path.separator" value=":" />
    <property name="java.vm.version" value="25.77-b03" />
    <property name="ant.library.dir" value="/usr/local/Cellar/ant/1.9.7/libexec/lib" />
    <property name="junit.output.dir" value="junit" />
    <property name="env.IRBRC" value="/Users/pjwickwire/.rvm/rubies/ruby-2.2.3/.irbrc" />
    <property name="java.awt.printerjob" value="sun.lwawt.macosx.CPrinterJob" />
    <property name="env.TERM" value="xterm-256color" />
    <property name="sun.io.unicode.encoding" value="UnicodeBig" />
    <property name="awt.toolkit" value="sun.lwawt.macosx.LWCToolkit" />
    <property name="socksNonProxyHosts" value="local|*.local|169.254/16|*.169.254/16" />
    <property name="ftp.nonProxyHosts" value="local|*.local|169.254/16|*.169.254/16" />
    <property name="env.GEM_PATH" value="/Users/pjwickwire/.rvm/gems/ruby-2.2.3:/Users/pjwickwire/.rvm/gems/ruby-2.2.3@global" />
    <property name="user.home" value="/Users/pjwickwire" />
    <property name="target" value="1.6" />
    <property name="java.specification.vendor" value="Oracle Corporation" />
    <property name="env.TERM_PROGRAM" value="Apple_Terminal" />
    <property name="java.library.path" value="/Users/pjwickwire/Library/Java/Extensions:/Library/Java/Extensions:/Network/Library/Java/Extensions:/System/Library/Java/Extensions:/usr/lib/java:." />
    <property name="java.vendor.url" value="http://java.oracle.com/" />
    <property name="env.SVN_EDITOR" value="atom -w" />
    <property name="java.vm.vendor" value="Oracle Corporation" />
    <property name="gopherProxySet" value="false" />
    <property name="java.runtime.name" value="Java(TM) SE Runtime Environment" />
    <property name="ant.version" value="Apache Ant(TM) version 1.9.7 compiled on April 9 2016" />
    <property name="sun.java.command" value="org.apache.tools.ant.taskdefs.optional.junit.JUnitTestRunner com.flatironschool.javacs.HelloWorldTest skipNonTests=false filtertrace=true haltOnError=false haltOnFailure=false formatter=org.apache.tools.ant.taskdefs.optional.junit.OutErrSummaryJUnitResultFormatter showoutput=false outputtoformatters=true logfailedtests=true threadid=0 logtestlistenerevents=false formatter=org.apache.tools.ant.taskdefs.optional.junit.XMLJUnitResultFormatter,/Users/pjwickwire/Development/code/cs-java-hello-world-lab-g-416/javacs-lab00/junit/TEST-com.flatironschool.javacs.HelloWorldTest.xml formatter=org.apache.tools.ant.taskdefs.optional.junit.PlainJUnitResultFormatter crashfile=/Users/pjwickwire/Development/code/cs-java-hello-world-lab-g-416/javacs-lab00/junitvmwatcher7390633612021881395.properties propsfile=/Users/pjwickwire/Development/code/cs-java-hello-world-lab-g-416/javacs-lab00/junit373436488289366164.properties" />
    <property name="java.class.path" value="/Users/pjwickwire/Development/code/cs-java-hello-world-lab-g-416/javacs-lab00/bin:/Users/pjwickwire/Development/code/cs-java-hello-world-lab-g-416/javacs-lab00/lib/junit-4.12.jar:/Users/pjwickwire/Development/code/cs-java-hello-world-lab-g-416/javacs-lab00/lib/hamcrest-core-1.3.jar:/usr/local/Cellar/ant/1.9.7/libexec/lib/ant-launcher.jar:/usr/local/Cellar/ant/1.9.7/libexec/lib/ant.jar:/usr/local/Cellar/ant/1.9.7/libexec/lib/ant-junit.jar:/usr/local/Cellar/ant/1.9.7/libexec/lib/ant-junit4.jar" />
    <property name="env.TERM_SESSION_ID" value="299788CD-E8DE-4E69-8F68-36A2DB0EE3E6" />
    <property name="env.USR_PATHS" value="/usr/local:/usr/local/bin:/usr/local/sbin:/usr/bin" />
    <property name="ant.file.type.JavaCS" value="file" />
    <property name="java.vm.specification.name" value="Java Virtual Machine Specification" />
    <property name="ant.file.type" value="file" />
    <property name="java.vm.specification.version" value="1.8" />
    <property name="sun.cpu.endian" value="little" />
    <property name="sun.os.patch.level" value="unknown" />
    <property name="debuglevel" value="source,lines,vars" />
    <property name="env.HOME" value="/Users/pjwickwire" />
    <property name="java.io.tmpdir" value="/var/folders/06/tvbl4kbx2yq29_qwzt187pt80000gn/T/" />
    <property name="java.vendor.url.bug" value="http://bugreport.sun.com/bugreport/" />
    <property name="env.SSH_AUTH_SOCK" value="/private/tmp/com.apple.launchd.6wcKG3Jdgu/Listeners" />
    <property name="os.arch" value="x86_64" />
    <property name="java.awt.graphicsenv" value="sun.awt.CGraphicsEnvironment" />
    <property name="java.ext.dirs" value="/Users/pjwickwire/Library/Java/Extensions:/Library/Java/JavaVirtualMachines/jdk1.8.0_77.jdk/Contents/Home/jre/lib/ext:/Library/Java/Extensions:/Network/Library/Java/Extensions:/System/Library/Java/Extensions:/usr/lib/java" />
    <property name="user.dir" value="/Users/pjwickwire/Development/code/cs-java-hello-world-lab-g-416" />
    <property name="line.separator" value="&#xa;" />
    <property name="java.vm.name" value="Java HotSpot(TM) 64-Bit Server VM" />
    <property name="env.EDITOR" value="atom -w" />
    <property name="basedir" value="/Users/pjwickwire/Development/code/cs-java-hello-world-lab-g-416/javacs-lab00" />
    <property name="ant.java.version" value="1.8" />
    <property name="ant.core.lib" value="/usr/local/Cellar/ant/1.9.7/libexec/lib/ant.jar" />
    <property name="source" value="1.6" />
    <property name="file.encoding" value="UTF-8" />
    <property name="java.specification.version" value="1.8" />
    <property name="env.GIT_EDITOR" value="atom -w" />
    <property name="ant.project.invoked-targets" value="test" />
    <property name="env.FLATIRON_VERSION" value="1.1.1" />
  </properties>
  <testcase classname="com.flatironschool.javacs.HelloWorldTest" name="testGetVersion" time="0.001" />
  <system-out><![CDATA[]]></system-out>
  <system-err><![CDATA[]]></system-err>
</testsuite>
